[0826/183951.230:ERROR:process_memory_win.cc(73)] ReadMemory at 0x13fd90000 of 64 bytes failed: ReadProcessMemory 또는 WriteProcessMemory의 일부 작업만을 마쳤습니다. (0x12B)
[0826/183951.246:WARNING:pe_image_reader.cc(340)] could not read dos header from C:\Program Files (x86)\Google\Chrome\Application\chrome.exe
[0826/183951.246:ERROR:process_memory_win.cc(73)] ReadMemory at 0x778d0000 of 64 bytes failed: ReadProcessMemory 또는 WriteProcessMemory의 일부 작업만을 마쳤습니다. (0x12B)
[0826/183951.246:WARNING:pe_image_reader.cc(340)] could not read dos header from C:\windows\SYSTEM32\ntdll.dll
[0826/183951.246:ERROR:process_memory_win.cc(73)] ReadMemory at 0x777b0000 of 64 bytes failed: ReadProcessMemory 또는 WriteProcessMemory의 일부 작업만을 마쳤습니다. (0x12B)
[0826/183951.246:WARNING:pe_image_reader.cc(340)] could not read dos header from C:\windows\system32\kernel32.dll
[0826/183951.247:ERROR:process_memory_win.cc(73)] ReadMemory at 0x7fefd450000 of 64 bytes failed: ReadProcessMemory 또는 WriteProcessMemory의 일부 작업만을 마쳤습니다. (0x12B)
[0826/183951.247:WARNING:pe_image_reader.cc(340)] could not read dos header from C:\windows\system32\KERNELBASE.dll
[0826/183951.247:ERROR:process_memory_win.cc(73)] ReadMemory at 0x7fee9fd0000 of 64 bytes failed: ReadProcessMemory 또는 WriteProcessMemory의 일부 작업만을 마쳤습니다. (0x12B)
[0826/183951.247:WARNING:pe_image_reader.cc(340)] could not read dos header from C:\Program Files (x86)\Google\Chrome\Application\76.0.3809.100\chrome_elf.dll
[0826/183951.247:ERROR:process_memory_win.cc(73)] ReadMemory at 0x7fefc4e0000 of 64 bytes failed: ReadProcessMemory 또는 WriteProcessMemory의 일부 작업만을 마쳤습니다. (0x12B)
[0826/183951.247:WARNING:pe_image_reader.cc(340)] could not read dos header from C:\windows\system32\VERSION.dll
[0826/183951.247:ERROR:process_memory_win.cc(73)] ReadMemory at 0x7feff3b0000 of 64 bytes failed: ReadProcessMemory 또는 WriteProcessMemory의 일부 작업만을 마쳤습니다. (0x12B)
[0826/183951.247:WARNING:pe_image_reader.cc(340)] could not read dos header from C:\windows\system32\msvcrt.dll
[0826/183951.247:ERROR:process_memory_win.cc(73)] ReadMemory at 0x7fef9010000 of 64 bytes failed: ReadProcessMemory 또는 WriteProcessMemory의 일부 작업만을 마쳤습니다. (0x12B)
[0826/183951.247:WARNING:pe_image_reader.cc(340)] could not read dos header from C:\windows\system32\api-ms-win-core-synch-l1-2-0.DLL
[0826/183951.247:ERROR:process_memory_win.cc(73)] ReadMemory at 0x7fefdbe0000 of 64 bytes failed: ReadProcessMemory 또는 WriteProcessMemory의 일부 작업만을 마쳤습니다. (0x12B)
[0826/183951.247:WARNING:pe_image_reader.cc(340)] could not read dos header from C:\windows\system32\GDI32.dll
[0826/183951.247:ERROR:process_memory_win.cc(73)] ReadMemory at 0x776b0000 of 64 bytes failed: ReadProcessMemory 또는 WriteProcessMemory의 일부 작업만을 마쳤습니다. (0x12B)
[0826/183951.247:WARNING:pe_image_reader.cc(340)] could not read dos header from C:\windows\system32\USER32.dll
[0826/183951.247:ERROR:process_memory_win.cc(73)] ReadMemory at 0x7fefeed0000 of 64 bytes failed: ReadProcessMemory 또는 WriteProcessMemory의 일부 작업만을 마쳤습니다. (0x12B)
[0826/183951.247:WARNING:pe_image_reader.cc(340)] could not read dos header from C:\windows\system32\LPK.dll
[0826/183951.247:ERROR:process_memory_win.cc(73)] ReadMemory at 0x7feff960000 of 64 bytes failed: ReadProcessMemory 또는 WriteProcessMemory의 일부 작업만을 마쳤습니다. (0x12B)
[0826/183951.247:WARNING:pe_image_reader.cc(340)] could not read dos header from C:\windows\system32\USP10.dll
[0826/183951.247:ERROR:process_memory_win.cc(73)] ReadMemory at 0x7fefdb90000 of 64 bytes failed: ReadProcessMemory 또는 WriteProcessMemory의 일부 작업만을 마쳤습니다. (0x12B)
[0826/183951.247:WARNING:pe_image_reader.cc(340)] could not read dos header from C:\windows\system32\IMM32.DLL
[0826/183951.247:ERROR:process_memory_win.cc(73)] ReadMemory at 0x7feff580000 of 64 bytes failed: ReadProcessMemory 또는 WriteProcessMemory의 일부 작업만을 마쳤습니다. (0x12B)
[0826/183951.247:WARNING:pe_image_reader.cc(340)] could not read dos header from C:\windows\system32\MSCTF.dll
[0826/183951.247:ERROR:process_memory_win.cc(73)] ReadMemory at 0x7fefed90000 of 64 bytes failed: ReadProcessMemory 또는 WriteProcessMemory의 일부 작업만을 마쳤습니다. (0x12B)
[0826/183951.247:WARNING:pe_image_reader.cc(340)] could not read dos header from C:\windows\system32\ADVAPI32.dll
[0826/183951.247:ERROR:process_memory_win.cc(73)] ReadMemory at 0x7fefdbc0000 of 64 bytes failed: ReadProcessMemory 또는 WriteProcessMemory의 일부 작업만을 마쳤습니다. (0x12B)
[0826/183951.247:WARNING:pe_image_reader.cc(340)] could not read dos header from C:\windows\SYSTEM32\sechost.dll
[0826/183951.247:ERROR:process_memory_win.cc(73)] ReadMemory at 0x7feff450000 of 64 bytes failed: ReadProcessMemory 또는 WriteProcessMemory의 일부 작업만을 마쳤습니다. (0x12B)
[0826/183951.248:WARNING:pe_image_reader.cc(340)] could not read dos header from C:\windows\system32\RPCRT4.dll
[0826/183951.248:ERROR:process_memory_win.cc(73)] ReadMemory at 0x7fee0420000 of 64 bytes failed: ReadProcessMemory 또는 WriteProcessMemory의 일부 작업만을 마쳤습니다. (0x12B)
[0826/183951.248:WARNING:pe_image_reader.cc(340)] could not read dos header from C:\Program Files (x86)\Google\Chrome\Application\76.0.3809.100\chrome_child.dll
[0826/183951.248:ERROR:process_memory_win.cc(73)] ReadMemory at 0x7fefd7e0000 of 64 bytes failed: ReadProcessMemory 또는 WriteProcessMemory의 일부 작업만을 마쳤습니다. (0x12B)
[0826/183951.248:WARNING:pe_image_reader.cc(340)] could not read dos header from C:\windows\system32\OLEAUT32.dll
[0826/183951.248:ERROR:process_memory_win.cc(73)] ReadMemory at 0x7fefeb90000 of 64 bytes failed: ReadProcessMemory 또는 WriteProcessMemory의 일부 작업만을 마쳤습니다. (0x12B)
[0826/183951.248:WARNING:pe_image_reader.cc(340)] could not read dos header from C:\windows\system32\ole32.dll
[0826/183951.248:ERROR:process_memory_win.cc(73)] ReadMemory at 0x7feff690000 of 64 bytes failed: ReadProcessMemory 또는 WriteProcessMemory의 일부 작업만을 마쳤습니다. (0x12B)
[0826/183951.248:WARNING:pe_image_reader.cc(340)] could not read dos header from C:\windows\system32\WS2_32.dll
[0826/183951.248:ERROR:process_memory_win.cc(73)] ReadMemory at 0x7fefeb00000 of 64 bytes failed: ReadProcessMemory 또는 WriteProcessMemory의 일부 작업만을 마쳤습니다. (0x12B)
[0826/183951.248:WARNING:pe_image_reader.cc(340)] could not read dos header from C:\windows\system32\NSI.dll
[0826/183951.248:ERROR:process_memory_win.cc(73)] ReadMemory at 0x7fefb2d0000 of 64 bytes failed: ReadProcessMemory 또는 WriteProcessMemory의 일부 작업만을 마쳤습니다. (0x12B)
[0826/183951.248:WARNING:pe_image_reader.cc(340)] could not read dos header from C:\windows\system32\IPHLPAPI.DLL
[0826/183951.248:ERROR:process_memory_win.cc(73)] ReadMemory at 0x7fefb2b0000 of 64 bytes failed: ReadProcessMemory 또는 WriteProcessMemory의 일부 작업만을 마쳤습니다. (0x12B)
[0826/183951.248:WARNING:pe_image_reader.cc(340)] could not read dos header from C:\windows\system32\WINNSI.DLL
[0826/183951.248:ERROR:process_memory_win.cc(73)] ReadMemory at 0x7fefb4d0000 of 64 bytes failed: ReadProcessMemory 또는 WriteProcessMemory의 일부 작업만을 마쳤습니다. (0x12B)
[0826/183951.248:WARNING:pe_image_reader.cc(340)] could not read dos header from C:\windows\system32\WINMM.dll
[0826/183951.248:ERROR:process_memory_win.cc(73)] ReadMemory at 0x7fefd620000 of 64 bytes failed: ReadProcessMemory 또는 WriteProcessMemory의 일부 작업만을 마쳤습니다. (0x12B)
[0826/183951.248:WARNING:pe_image_reader.cc(340)] could not read dos header from C:\windows\system32\WINTRUST.dll
[0826/183951.248:ERROR:process_memory_win.cc(73)] ReadMemory at 0x7fefd660000 of 64 bytes failed: ReadProcessMemory 또는 WriteProcessMemory의 일부 작업만을 마쳤습니다. (0x12B)
[0826/183951.248:WARNING:pe_image_reader.cc(340)] could not read dos header from C:\windows\system32\CRYPT32.dll
[0826/183951.248:ERROR:process_memory_win.cc(73)] ReadMemory at 0x7fefd430000 of 64 bytes failed: ReadProcessMemory 또는 WriteProcessMemory의 일부 작업만을 마쳤습니다. (0x12B)
[0826/183951.248:WARNING:pe_image_reader.cc(340)] could not read dos header from C:\windows\system32\MSASN1.dll
[0826/183951.248:ERROR:process_memory_win.cc(73)] ReadMemory at 0x7fefd5a0000 of 64 bytes failed: ReadProcessMemory 또는 WriteProcessMemory의 일부 작업만을 마쳤습니다. (0x12B)
[0826/183951.248:WARNING:pe_image_reader.cc(340)] could not read dos header from C:\windows\system32\USERENV.dll
[0826/183951.248:ERROR:process_memory_win.cc(73)] ReadMemory at 0x7fefd420000 of 64 bytes failed: ReadProcessMemory 또는 WriteProcessMemory의 일부 작업만을 마쳤습니다. (0x12B)
[0826/183951.248:WARNING:pe_image_reader.cc(340)] could not read dos header from C:\windows\system32\profapi.dll
[0826/183951.249:ERROR:process_memory_win.cc(73)] ReadMemory at 0x7fee5810000 of 64 bytes failed: ReadProcessMemory 또는 WriteProcessMemory의 일부 작업만을 마쳤습니다. (0x12B)
[0826/183951.249:WARNING:pe_image_reader.cc(340)] could not read dos header from C:\windows\system32\DWrite.dll
[0826/183951.249:ERROR:process_memory_win.cc(73)] ReadMemory at 0x7fef9910000 of 64 bytes failed: ReadProcessMemory 또는 WriteProcessMemory의 일부 작업만을 마쳤습니다. (0x12B)
[0826/183951.249:WARNING:pe_image_reader.cc(340)] could not read dos header from C:\windows\system32\WINSPOOL.DRV
[0826/183951.249:ERROR:process_memory_win.cc(73)] ReadMemory at 0x7fef1c10000 of 64 bytes failed: ReadProcessMemory 또는 WriteProcessMemory의 일부 작업만을 마쳤습니다. (0x12B)
[0826/183951.249:WARNING:pe_image_reader.cc(340)] could not read dos header from C:\windows\system32\dbghelp.dll
[0826/183951.249:ERROR:process_memory_win.cc(73)] ReadMemory at 0x7fef46d0000 of 64 bytes failed: ReadProcessMemory 또는 WriteProcessMemory의 일부 작업만을 마쳤습니다. (0x12B)
[0826/183951.249:WARNING:pe_image_reader.cc(340)] could not read dos header from C:\windows\system32\WINHTTP.dll
[0826/183951.249:ERROR:process_memory_win.cc(73)] ReadMemory at 0x7fef4640000 of 64 bytes failed: ReadProcessMemory 또는 WriteProcessMemory의 일부 작업만을 마쳤습니다. (0x12B)
[0826/183951.249:WARNING:pe_image_reader.cc(340)] could not read dos header from C:\windows\system32\webio.dll
[0826/183951.249:ERROR:process_memory_win.cc(73)] ReadMemory at 0x7fefd070000 of 64 bytes failed: ReadProcessMemory 또는 WriteProcessMemory의 일부 작업만을 마쳤습니다. (0x12B)
[0826/183951.249:WARNING:pe_image_reader.cc(340)] could not read dos header from C:\windows\system32\Secur32.dll
[0826/183951.249:ERROR:process_memory_win.cc(73)] ReadMemory at 0x7fefd230000 of 64 bytes failed: ReadProcessMemory 또는 WriteProcessMemory의 일부 작업만을 마쳤습니다. (0x12B)
[0826/183951.249:WARNING:pe_image_reader.cc(340)] could not read dos header from C:\windows\system32\SSPICLI.DLL
[0826/183951.249:ERROR:process_memory_win.cc(73)] ReadMemory at 0x7fefb030000 of 64 bytes failed: ReadProcessMemory 또는 WriteProcessMemory의 일부 작업만을 마쳤습니다. (0x12B)
[0826/183951.249:WARNING:pe_image_reader.cc(340)] could not read dos header from C:\windows\system32\dhcpcsvc.DLL
[0826/183951.249:ERROR:process_memory_win.cc(73)] ReadMemory at 0x7fefd2c0000 of 64 bytes failed: ReadProcessMemory 또는 WriteProcessMemory의 일부 작업만을 마쳤습니다. (0x12B)
[0826/183951.249:WARNING:pe_image_reader.cc(340)] could not read dos header from C:\windows\system32\cryptbase.dll
[0826/183951.249:ERROR:process_memory_win.cc(73)] ReadMemory at 0x7fefbbd0000 of 64 bytes failed: ReadProcessMemory 또는 WriteProcessMemory의 일부 작업만을 마쳤습니다. (0x12B)
[0826/183951.249:WARNING:pe_image_reader.cc(340)] could not read dos header from C:\windows\system32\uxtheme.dll
[0826/183951.249:ERROR:process_memory_win.cc(73)] ReadMemory at 0x13fd90000 of 64 bytes failed: ReadProcessMemory 또는 WriteProcessMemory의 일부 작업만을 마쳤습니다. (0x12B)
[0826/183951.249:WARNING:pe_image_reader.cc(340)] could not read dos header from C:\Program Files (x86)\Google\Chrome\Application\chrome.exe
[0826/183951.249:ERROR:process_memory_win.cc(73)] ReadMemory at 0x778d0000 of 64 bytes failed: ReadProcessMemory 또는 WriteProcessMemory의 일부 작업만을 마쳤습니다. (0x12B)
[0826/183951.249:WARNING:pe_image_reader.cc(340)] could not read dos header from C:\windows\SYSTEM32\ntdll.dll
[0826/183951.249:ERROR:process_memory_win.cc(73)] ReadMemory at 0x777b0000 of 64 bytes failed: ReadProcessMemory 또는 WriteProcessMemory의 일부 작업만을 마쳤습니다. (0x12B)
[0826/183951.249:WARNING:pe_image_reader.cc(340)] could not read dos header from C:\windows\system32\kernel32.dll
[0826/183951.250:ERROR:process_memory_win.cc(73)] ReadMemory at 0x7fefd450000 of 64 bytes failed: ReadProcessMemory 또는 WriteProcessMemory의 일부 작업만을 마쳤습니다. (0x12B)
[0826/183951.250:WARNING:pe_image_reader.cc(340)] could not read dos header from C:\windows\system32\KERNELBASE.dll
[0826/183951.250:ERROR:process_memory_win.cc(73)] ReadMemory at 0x7fee9fd0000 of 64 bytes failed: ReadProcessMemory 또는 WriteProcessMemory의 일부 작업만을 마쳤습니다. (0x12B)
[0826/183951.250:WARNING:pe_image_reader.cc(340)] could not read dos header from C:\Program Files (x86)\Google\Chrome\Application\76.0.3809.100\chrome_elf.dll
[0826/183951.250:ERROR:process_memory_win.cc(73)] ReadMemory at 0x7fefc4e0000 of 64 bytes failed: ReadProcessMemory 또는 WriteProcessMemory의 일부 작업만을 마쳤습니다. (0x12B)
[0826/183951.250:WARNING:pe_image_reader.cc(340)] could not read dos header from C:\windows\system32\VERSION.dll
[0826/183951.250:ERROR:process_memory_win.cc(73)] ReadMemory at 0x7feff3b0000 of 64 bytes failed: ReadProcessMemory 또는 WriteProcessMemory의 일부 작업만을 마쳤습니다. (0x12B)
[0826/183951.250:WARNING:pe_image_reader.cc(340)] could not read dos header from C:\windows\system32\msvcrt.dll
[0826/183951.250:ERROR:process_memory_win.cc(73)] ReadMemory at 0x7fef9010000 of 64 bytes failed: ReadProcessMemory 또는 WriteProcessMemory의 일부 작업만을 마쳤습니다. (0x12B)
[0826/183951.250:WARNING:pe_image_reader.cc(340)] could not read dos header from C:\windows\system32\api-ms-win-core-synch-l1-2-0.DLL
[0826/183951.250:ERROR:process_memory_win.cc(73)] ReadMemory at 0x7fefdbe0000 of 64 bytes failed: ReadProcessMemory 또는 WriteProcessMemory의 일부 작업만을 마쳤습니다. (0x12B)
[0826/183951.250:WARNING:pe_image_reader.cc(340)] could not read dos header from C:\windows\system32\GDI32.dll
[0826/183951.250:ERROR:process_memory_win.cc(73)] ReadMemory at 0x776b0000 of 64 bytes failed: ReadProcessMemory 또는 WriteProcessMemory의 일부 작업만을 마쳤습니다. (0x12B)
[0826/183951.250:WARNING:pe_image_reader.cc(340)] could not read dos header from C:\windows\system32\USER32.dll
[0826/183951.250:ERROR:process_memory_win.cc(73)] ReadMemory at 0x7fefeed0000 of 64 bytes failed: ReadProcessMemory 또는 WriteProcessMemory의 일부 작업만을 마쳤습니다. (0x12B)
[0826/183951.250:WARNING:pe_image_reader.cc(340)] could not read dos header from C:\windows\system32\LPK.dll
[0826/183951.250:ERROR:process_memory_win.cc(73)] ReadMemory at 0x7feff960000 of 64 bytes failed: ReadProcessMemory 또는 WriteProcessMemory의 일부 작업만을 마쳤습니다. (0x12B)
[0826/183951.250:WARNING:pe_image_reader.cc(340)] could not read dos header from C:\windows\system32\USP10.dll
[0826/183951.250:ERROR:process_memory_win.cc(73)] ReadMemory at 0x7fefdb90000 of 64 bytes failed: ReadProcessMemory 또는 WriteProcessMemory의 일부 작업만을 마쳤습니다. (0x12B)
[0826/183951.250:WARNING:pe_image_reader.cc(340)] could not read dos header from C:\windows\system32\IMM32.DLL
[0826/183951.250:ERROR:process_memory_win.cc(73)] ReadMemory at 0x7feff580000 of 64 bytes failed: ReadProcessMemory 또는 WriteProcessMemory의 일부 작업만을 마쳤습니다. (0x12B)
[0826/183951.250:WARNING:pe_image_reader.cc(340)] could not read dos header from C:\windows\system32\MSCTF.dll
[0826/183951.250:ERROR:process_memory_win.cc(73)] ReadMemory at 0x7fefed90000 of 64 bytes failed: ReadProcessMemory 또는 WriteProcessMemory의 일부 작업만을 마쳤습니다. (0x12B)
[0826/183951.251:WARNING:pe_image_reader.cc(340)] could not read dos header from C:\windows\system32\ADVAPI32.dll
[0826/183951.251:ERROR:process_memory_win.cc(73)] ReadMemory at 0x7fefdbc0000 of 64 bytes failed: ReadProcessMemory 또는 WriteProcessMemory의 일부 작업만을 마쳤습니다. (0x12B)
[0826/183951.251:WARNING:pe_image_reader.cc(340)] could not read dos header from C:\windows\SYSTEM32\sechost.dll
[0826/183951.251:ERROR:process_memory_win.cc(73)] ReadMemory at 0x7feff450000 of 64 bytes failed: ReadProcessMemory 또는 WriteProcessMemory의 일부 작업만을 마쳤습니다. (0x12B)
[0826/183951.258:WARNING:pe_image_reader.cc(340)] could not read dos header from C:\windows\system32\RPCRT4.dll
[0826/183951.258:ERROR:process_memory_win.cc(73)] ReadMemory at 0x7fee0420000 of 64 bytes failed: ReadProcessMemory 또는 WriteProcessMemory의 일부 작업만을 마쳤습니다. (0x12B)
[0826/183951.258:WARNING:pe_image_reader.cc(340)] could not read dos header from C:\Program Files (x86)\Google\Chrome\Application\76.0.3809.100\chrome_child.dll
[0826/183951.259:ERROR:process_memory_win.cc(73)] ReadMemory at 0x7fefd7e0000 of 64 bytes failed: ReadProcessMemory 또는 WriteProcessMemory의 일부 작업만을 마쳤습니다. (0x12B)
[0826/183951.259:WARNING:pe_image_reader.cc(340)] could not read dos header from C:\windows\system32\OLEAUT32.dll
[0826/183951.259:ERROR:process_memory_win.cc(73)] ReadMemory at 0x7fefeb90000 of 64 bytes failed: ReadProcessMemory 또는 WriteProcessMemory의 일부 작업만을 마쳤습니다. (0x12B)
[0826/183951.259:WARNING:pe_image_reader.cc(340)] could not read dos header from C:\windows\system32\ole32.dll
[0826/183951.259:ERROR:process_memory_win.cc(73)] ReadMemory at 0x7feff690000 of 64 bytes failed: ReadProcessMemory 또는 WriteProcessMemory의 일부 작업만을 마쳤습니다. (0x12B)
[0826/183951.259:WARNING:pe_image_reader.cc(340)] could not read dos header from C:\windows\system32\WS2_32.dll
[0826/183951.259:ERROR:process_memory_win.cc(73)] ReadMemory at 0x7fefeb00000 of 64 bytes failed: ReadProcessMemory 또는 WriteProcessMemory의 일부 작업만을 마쳤습니다. (0x12B)
[0826/183951.259:WARNING:pe_image_reader.cc(340)] could not read dos header from C:\windows\system32\NSI.dll
[0826/183951.259:ERROR:process_memory_win.cc(73)] ReadMemory at 0x7fefb2d0000 of 64 bytes failed: ReadProcessMemory 또는 WriteProcessMemory의 일부 작업만을 마쳤습니다. (0x12B)
[0826/183951.259:WARNING:pe_image_reader.cc(340)] could not read dos header from C:\windows\system32\IPHLPAPI.DLL
[0826/183951.259:ERROR:process_memory_win.cc(73)] ReadMemory at 0x7fefb2b0000 of 64 bytes failed: ReadProcessMemory 또는 WriteProcessMemory의 일부 작업만을 마쳤습니다. (0x12B)
[0826/183951.259:WARNING:pe_image_reader.cc(340)] could not read dos header from C:\windows\system32\WINNSI.DLL
[0826/183951.259:ERROR:process_memory_win.cc(73)] ReadMemory at 0x7fefb4d0000 of 64 bytes failed: ReadProcessMemory 또는 WriteProcessMemory의 일부 작업만을 마쳤습니다. (0x12B)
[0826/183951.259:WARNING:pe_image_reader.cc(340)] could not read dos header from C:\windows\system32\WINMM.dll
[0826/183951.259:ERROR:process_memory_win.cc(73)] ReadMemory at 0x7fefd620000 of 64 bytes failed: ReadProcessMemory 또는 WriteProcessMemory의 일부 작업만을 마쳤습니다. (0x12B)
[0826/183951.259:WARNING:pe_image_reader.cc(340)] could not read dos header from C:\windows\system32\WINTRUST.dll
[0826/183951.259:ERROR:process_memory_win.cc(73)] ReadMemory at 0x7fefd660000 of 64 bytes failed: ReadProcessMemory 또는 WriteProcessMemory의 일부 작업만을 마쳤습니다. (0x12B)
[0826/183951.259:WARNING:pe_image_reader.cc(340)] could not read dos header from C:\windows\system32\CRYPT32.dll
[0826/183951.259:ERROR:process_memory_win.cc(73)] ReadMemory at 0x7fefd430000 of 64 bytes failed: ReadProcessMemory 또는 WriteProcessMemory의 일부 작업만을 마쳤습니다. (0x12B)
[0826/183951.259:WARNING:pe_image_reader.cc(340)] could not read dos header from C:\windows\system32\MSASN1.dll
[0826/183951.259:ERROR:process_memory_win.cc(73)] ReadMemory at 0x7fefd5a0000 of 64 bytes failed: ReadProcessMemory 또는 WriteProcessMemory의 일부 작업만을 마쳤습니다. (0x12B)
[0826/183951.259:WARNING:pe_image_reader.cc(340)] could not read dos header from C:\windows\system32\USERENV.dll
[0826/183951.259:ERROR:process_memory_win.cc(73)] ReadMemory at 0x7fefd420000 of 64 bytes failed: ReadProcessMemory 또는 WriteProcessMemory의 일부 작업만을 마쳤습니다. (0x12B)
[0826/183951.259:WARNING:pe_image_reader.cc(340)] could not read dos header from C:\windows\system32\profapi.dll
[0826/183951.260:ERROR:process_memory_win.cc(73)] ReadMemory at 0x7fee5810000 of 64 bytes failed: ReadProcessMemory 또는 WriteProcessMemory의 일부 작업만을 마쳤습니다. (0x12B)
[0826/183951.260:WARNING:pe_image_reader.cc(340)] could not read dos header from C:\windows\system32\DWrite.dll
[0826/183951.260:ERROR:process_memory_win.cc(73)] ReadMemory at 0x7fef9910000 of 64 bytes failed: ReadProcessMemory 또는 WriteProcessMemory의 일부 작업만을 마쳤습니다. (0x12B)
[0826/183951.260:WARNING:pe_image_reader.cc(340)] could not read dos header from C:\windows\system32\WINSPOOL.DRV
[0826/183951.260:ERROR:process_memory_win.cc(73)] ReadMemory at 0x7fef1c10000 of 64 bytes failed: ReadProcessMemory 또는 WriteProcessMemory의 일부 작업만을 마쳤습니다. (0x12B)
[0826/183951.260:WARNING:pe_image_reader.cc(340)] could not read dos header from C:\windows\system32\dbghelp.dll
[0826/183951.260:ERROR:process_memory_win.cc(73)] ReadMemory at 0x7fef46d0000 of 64 bytes failed: ReadProcessMemory 또는 WriteProcessMemory의 일부 작업만을 마쳤습니다. (0x12B)
[0826/183951.260:WARNING:pe_image_reader.cc(340)] could not read dos header from C:\windows\system32\WINHTTP.dll
[0826/183951.260:ERROR:process_memory_win.cc(73)] ReadMemory at 0x7fef4640000 of 64 bytes failed: ReadProcessMemory 또는 WriteProcessMemory의 일부 작업만을 마쳤습니다. (0x12B)
[0826/183951.260:WARNING:pe_image_reader.cc(340)] could not read dos header from C:\windows\system32\webio.dll
[0826/183951.260:ERROR:process_memory_win.cc(73)] ReadMemory at 0x7fefd070000 of 64 bytes failed: ReadProcessMemory 또는 WriteProcessMemory의 일부 작업만을 마쳤습니다. (0x12B)
[0826/183951.260:WARNING:pe_image_reader.cc(340)] could not read dos header from C:\windows\system32\Secur32.dll
[0826/183951.260:ERROR:process_memory_win.cc(73)] ReadMemory at 0x7fefd230000 of 64 bytes failed: ReadProcessMemory 또는 WriteProcessMemory의 일부 작업만을 마쳤습니다. (0x12B)
[0826/183951.260:WARNING:pe_image_reader.cc(340)] could not read dos header from C:\windows\system32\SSPICLI.DLL
[0826/183951.260:ERROR:process_memory_win.cc(73)] ReadMemory at 0x7fefb030000 of 64 bytes failed: ReadProcessMemory 또는 WriteProcessMemory의 일부 작업만을 마쳤습니다. (0x12B)
[0826/183951.260:WARNING:pe_image_reader.cc(340)] could not read dos header from C:\windows\system32\dhcpcsvc.DLL
[0826/183951.260:ERROR:process_memory_win.cc(73)] ReadMemory at 0x7fefd2c0000 of 64 bytes failed: ReadProcessMemory 또는 WriteProcessMemory의 일부 작업만을 마쳤습니다. (0x12B)
[0826/183951.260:WARNING:pe_image_reader.cc(340)] could not read dos header from C:\windows\system32\cryptbase.dll
[0826/183951.261:ERROR:process_memory_win.cc(73)] ReadMemory at 0x7fefbbd0000 of 64 bytes failed: ReadProcessMemory 또는 WriteProcessMemory의 일부 작업만을 마쳤습니다. (0x12B)
[0826/183951.261:WARNING:pe_image_reader.cc(340)] could not read dos header from C:\windows\system32\uxtheme.dll
[0826/183951.279:ERROR:process_memory_win.cc(73)] ReadMemory at 0x288000 of 32768 bytes failed: ReadProcessMemory 또는 WriteProcessMemory의 일부 작업만을 마쳤습니다. (0x12B)
[0826/183951.279:ERROR:process_memory_win.cc(73)] ReadMemory at 0x30ed000 of 12288 bytes failed: ReadProcessMemory 또는 WriteProcessMemory의 일부 작업만을 마쳤습니다. (0x12B)
[0826/183951.279:ERROR:process_memory_win.cc(73)] ReadMemory at 0x345d000 of 12288 bytes failed: ReadProcessMemory 또는 WriteProcessMemory의 일부 작업만을 마쳤습니다. (0x12B)
[0826/183951.279:ERROR:process_memory_win.cc(73)] ReadMemory at 0x376c000 of 16384 bytes failed: ReadProcessMemory 또는 WriteProcessMemory의 일부 작업만을 마쳤습니다. (0x12B)
[0826/183951.279:ERROR:process_memory_win.cc(73)] ReadMemory at 0x399c000 of 16384 bytes failed: ReadProcessMemory 또는 WriteProcessMemory의 일부 작업만을 마쳤습니다. (0x12B)
[0826/183951.279:ERROR:process_memory_win.cc(73)] ReadMemory at 0x3cff000 of 4096 bytes failed: ReadProcessMemory 또는 WriteProcessMemory의 일부 작업만을 마쳤습니다. (0x12B)
[0826/183951.279:ERROR:process_memory_win.cc(73)] ReadMemory at 0x40ae000 of 8192 bytes failed: ReadProcessMemory 또는 WriteProcessMemory의 일부 작업만을 마쳤습니다. (0x12B)
[0826/183951.280:ERROR:process_memory_win.cc(73)] ReadMemory at 0x439d000 of 12288 bytes failed: ReadProcessMemory 또는 WriteProcessMemory의 일부 작업만을 마쳤습니다. (0x12B)
[0826/183951.280:ERROR:process_memory_win.cc(73)] ReadMemory at 0x48ed000 of 12288 bytes failed: ReadProcessMemory 또는 WriteProcessMemory의 일부 작업만을 마쳤습니다. (0x12B)
[0826/183951.280:ERROR:process_memory_win.cc(73)] ReadMemory at 0x4c2d000 of 12288 bytes failed: ReadProcessMemory 또는 WriteProcessMemory의 일부 작업만을 마쳤습니다. (0x12B)
[0826/183951.280:ERROR:process_memory_win.cc(73)] ReadMemory at 0x4edd000 of 12288 bytes failed: ReadProcessMemory 또는 WriteProcessMemory의 일부 작업만을 마쳤습니다. (0x12B)
[0826/183951.280:ERROR:process_memory_win.cc(73)] ReadMemory at 0x52bd000 of 12288 bytes failed: ReadProcessMemory 또는 WriteProcessMemory의 일부 작업만을 마쳤습니다. (0x12B)
[0826/183951.280:ERROR:process_memory_win.cc(73)] ReadMemory at 0x564d000 of 12288 bytes failed: ReadProcessMemory 또는 WriteProcessMemory의 일부 작업만을 마쳤습니다. (0x12B)
[0826/183951.280:ERROR:process_memory_win.cc(73)] ReadMemory at 0x5afd000 of 12288 bytes failed: ReadProcessMemory 또는 WriteProcessMemory의 일부 작업만을 마쳤습니다. (0x12B)
[0826/183951.280:ERROR:process_memory_win.cc(73)] ReadMemory at 0x451320 of 5778 bytes failed: ReadProcessMemory 또는 WriteProcessMemory의 일부 작업만을 마쳤습니다. (0x12B)
[0826/183951.281:ERROR:process_memory_win.cc(73)] ReadMemory at 0x4529c0 of 1012 bytes failed: ReadProcessMemory 또는 WriteProcessMemory의 일부 작업만을 마쳤습니다. (0x12B)
[0826/183951.281:ERROR:process_memory_win.cc(73)] ReadMemory at 0x452fc8 of 2494 bytes failed: ReadProcessMemory 또는 WriteProcessMemory의 일부 작업만을 마쳤습니다. (0x12B)
[0826/183951.281:ERROR:process_memory_win.cc(73)] ReadMemory at 0x453988 of 118 bytes failed: ReadProcessMemory 또는 WriteProcessMemory의 일부 작업만을 마쳤습니다. (0x12B)
[0826/183951.281:ERROR:process_memory_win.cc(73)] ReadMemory at 0x453a00 of 852 bytes failed: ReadProcessMemory 또는 WriteProcessMemory의 일부 작업만을 마쳤습니다. (0x12B)
[0826/183951.281:ERROR:process_memory_win.cc(73)] ReadMemory at 0x453d56 of 118 bytes failed: ReadProcessMemory 또는 WriteProcessMemory의 일부 작업만을 마쳤습니다. (0x12B)
[0826/183951.281:ERROR:process_memory_win.cc(73)] ReadMemory at 0x453dce of 96 bytes failed: ReadProcessMemory 또는 WriteProcessMemory의 일부 작업만을 마쳤습니다. (0x12B)
[0826/183951.281:ERROR:process_memory_win.cc(73)] ReadMemory at 0x453e40 of 58 bytes failed: ReadProcessMemory 또는 WriteProcessMemory의 일부 작업만을 마쳤습니다. (0x12B)
[0826/183951.281:ERROR:process_memory_win.cc(73)] ReadMemory at 0x453ed0 of 132 bytes failed: ReadProcessMemory 또는 WriteProcessMemory의 일부 작업만을 마쳤습니다. (0x12B)
[0826/183951.281:ERROR:process_memory_win.cc(73)] ReadMemory at 0x453fd0 of 132 bytes failed: ReadProcessMemory 또는 WriteProcessMemory의 일부 작업만을 마쳤습니다. (0x12B)
[0826/183951.281:ERROR:process_memory_win.cc(73)] ReadMemory at 0x4540e8 of 126 bytes failed: ReadProcessMemory 또는 WriteProcessMemory의 일부 작업만을 마쳤습니다. (0x12B)
[0826/183951.281:ERROR:process_memory_win.cc(73)] ReadMemory at 0x4543d0 of 64 bytes failed: ReadProcessMemory 또는 WriteProcessMemory의 일부 작업만을 마쳤습니다. (0x12B)
[0826/183951.281:ERROR:process_memory_win.cc(73)] ReadMemory at 0x454420 of 132 bytes failed: ReadProcessMemory 또는 WriteProcessMemory의 일부 작업만을 마쳤습니다. (0x12B)
[0826/183951.281:ERROR:process_memory_win.cc(73)] ReadMemory at 0x454540 of 68 bytes failed: ReadProcessMemory 또는 WriteProcessMemory의 일부 작업만을 마쳤습니다. (0x12B)
[0826/183951.282:ERROR:process_memory_win.cc(73)] ReadMemory at 0x454590 of 132 bytes failed: ReadProcessMemory 또는 WriteProcessMemory의 일부 작업만을 마쳤습니다. (0x12B)
[0826/183951.282:ERROR:process_memory_win.cc(73)] ReadMemory at 0x4556e0 of 154 bytes failed: ReadProcessMemory 또는 WriteProcessMemory의 일부 작업만을 마쳤습니다. (0x12B)
[0826/183951.282:ERROR:process_memory_win.cc(73)] ReadMemory at 0x455790 of 132 bytes failed: ReadProcessMemory 또는 WriteProcessMemory의 일부 작업만을 마쳤습니다. (0x12B)
[0826/183951.282:ERROR:process_memory_win.cc(73)] ReadMemory at 0x455f10 of 60 bytes failed: ReadProcessMemory 또는 WriteProcessMemory의 일부 작업만을 마쳤습니다. (0x12B)
[0826/183951.282:ERROR:process_memory_win.cc(73)] ReadMemory at 0x455f60 of 132 bytes failed: ReadProcessMemory 또는 WriteProcessMemory의 일부 작업만을 마쳤습니다. (0x12B)
[0826/183951.282:ERROR:process_memory_win.cc(73)] ReadMemory at 0x4561c0 of 62 bytes failed: ReadProcessMemory 또는 WriteProcessMemory의 일부 작업만을 마쳤습니다. (0x12B)
[0826/183951.282:ERROR:process_memory_win.cc(73)] ReadMemory at 0x456210 of 132 bytes failed: ReadProcessMemory 또는 WriteProcessMemory의 일부 작업만을 마쳤습니다. (0x12B)
[0826/183951.284:ERROR:process_memory_win.cc(73)] ReadMemory at 0x457320 of 60 bytes failed: ReadProcessMemory 또는 WriteProcessMemory의 일부 작업만을 마쳤습니다. (0x12B)
[0826/183951.284:ERROR:process_memory_win.cc(73)] ReadMemory at 0x457370 of 104 bytes failed: ReadProcessMemory 또는 WriteProcessMemory의 일부 작업만을 마쳤습니다. (0x12B)
[0826/183951.284:ERROR:process_memory_win.cc(73)] ReadMemory at 0x4573f0 of 132 bytes failed: ReadProcessMemory 또는 WriteProcessMemory의 일부 작업만을 마쳤습니다. (0x12B)
[0826/183951.284:ERROR:process_memory_win.cc(73)] ReadMemory at 0x4948b0 of 54 bytes failed: ReadProcessMemory 또는 WriteProcessMemory의 일부 작업만을 마쳤습니다. (0x12B)
[0826/183951.284:ERROR:process_memory_win.cc(73)] ReadMemory at 0x4955a0 of 58 bytes failed: ReadProcessMemory 또는 WriteProcessMemory의 일부 작업만을 마쳤습니다. (0x12B)
[0826/183951.285:ERROR:process_memory_win.cc(73)] ReadMemory at 0x495760 of 132 bytes failed: ReadProcessMemory 또는 WriteProcessMemory의 일부 작업만을 마쳤습니다. (0x12B)
[0826/183951.285:ERROR:process_memory_win.cc(73)] ReadMemory at 0x495850 of 132 bytes failed: ReadProcessMemory 또는 WriteProcessMemory의 일부 작업만을 마쳤습니다. (0x12B)
[0826/183951.285:ERROR:process_memory_win.cc(73)] ReadMemory at 0x495940 of 132 bytes failed: ReadProcessMemory 또는 WriteProcessMemory의 일부 작업만을 마쳤습니다. (0x12B)
[0826/183951.285:ERROR:process_memory_win.cc(73)] ReadMemory at 0x495a30 of 58 bytes failed: ReadProcessMemory 또는 WriteProcessMemory의 일부 작업만을 마쳤습니다. (0x12B)
[0826/183951.285:ERROR:process_memory_win.cc(73)] ReadMemory at 0x495a80 of 132 bytes failed: ReadProcessMemory 또는 WriteProcessMemory의 일부 작업만을 마쳤습니다. (0x12B)
[0826/183951.285:ERROR:process_memory_win.cc(73)] ReadMemory at 0x495b70 of 132 bytes failed: ReadProcessMemory 또는 WriteProcessMemory의 일부 작업만을 마쳤습니다. (0x12B)
[0826/183951.285:ERROR:process_memory_win.cc(73)] ReadMemory at 0x496e80 of 58 bytes failed: ReadProcessMemory 또는 WriteProcessMemory의 일부 작업만을 마쳤습니다. (0x12B)
[0826/183951.285:ERROR:process_memory_win.cc(73)] ReadMemory at 0x496ed0 of 58 bytes failed: ReadProcessMemory 또는 WriteProcessMemory의 일부 작업만을 마쳤습니다. (0x12B)
[0826/183951.285:ERROR:process_memory_win.cc(73)] ReadMemory at 0x496f20 of 64 bytes failed: ReadProcessMemory 또는 WriteProcessMemory의 일부 작업만을 마쳤습니다. (0x12B)
[0826/183951.285:ERROR:process_memory_win.cc(73)] ReadMemory at 0x496f70 of 62 bytes failed: ReadProcessMemory 또는 WriteProcessMemory의 일부 작업만을 마쳤습니다. (0x12B)
[0826/183951.285:ERROR:process_memory_win.cc(73)] ReadMemory at 0x496fc0 of 60 bytes failed: ReadProcessMemory 또는 WriteProcessMemory의 일부 작업만을 마쳤습니다. (0x12B)
[0826/183951.285:ERROR:process_memory_win.cc(73)] ReadMemory at 0x497010 of 64 bytes failed: ReadProcessMemory 또는 WriteProcessMemory의 일부 작업만을 마쳤습니다. (0x12B)
[0826/183951.285:ERROR:process_memory_win.cc(73)] ReadMemory at 0x497060 of 58 bytes failed: ReadProcessMemory 또는 WriteProcessMemory의 일부 작업만을 마쳤습니다. (0x12B)
[0826/183951.285:ERROR:process_memory_win.cc(73)] ReadMemory at 0x4970b0 of 60 bytes failed: ReadProcessMemory 또는 WriteProcessMemory의 일부 작업만을 마쳤습니다. (0x12B)
[0826/183951.285:ERROR:process_memory_win.cc(73)] ReadMemory at 0x497100 of 64 bytes failed: ReadProcessMemory 또는 WriteProcessMemory의 일부 작업만을 마쳤습니다. (0x12B)
[0826/183951.285:ERROR:process_memory_win.cc(73)] ReadMemory at 0x497150 of 60 bytes failed: ReadProcessMemory 또는 WriteProcessMemory의 일부 작업만을 마쳤습니다. (0x12B)
[0826/183951.286:ERROR:process_memory_win.cc(73)] ReadMemory at 0x4971a0 of 58 bytes failed: ReadProcessMemory 또는 WriteProcessMemory의 일부 작업만을 마쳤습니다. (0x12B)
[0826/183951.286:ERROR:process_memory_win.cc(73)] ReadMemory at 0x4971f0 of 64 bytes failed: ReadProcessMemory 또는 WriteProcessMemory의 일부 작업만을 마쳤습니다. (0x12B)
[0826/183951.286:ERROR:process_memory_win.cc(73)] ReadMemory at 0x497240 of 62 bytes failed: ReadProcessMemory 또는 WriteProcessMemory의 일부 작업만을 마쳤습니다. (0x12B)
[0826/183951.286:ERROR:process_memory_win.cc(73)] ReadMemory at 0x497290 of 60 bytes failed: ReadProcessMemory 또는 WriteProcessMemory의 일부 작업만을 마쳤습니다. (0x12B)
[0826/183951.286:ERROR:process_memory_win.cc(73)] ReadMemory at 0x4972e0 of 62 bytes failed: ReadProcessMemory 또는 WriteProcessMemory의 일부 작업만을 마쳤습니다. (0x12B)
[0826/183951.286:ERROR:process_memory_win.cc(73)] ReadMemory at 0x497330 of 62 bytes failed: ReadProcessMemory 또는 WriteProcessMemory의 일부 작업만을 마쳤습니다. (0x12B)
[0826/183951.286:ERROR:process_memory_win.cc(73)] ReadMemory at 0x497380 of 60 bytes failed: ReadProcessMemory 또는 WriteProcessMemory의 일부 작업만을 마쳤습니다. (0x12B)
[0826/183951.286:ERROR:process_memory_win.cc(73)] ReadMemory at 0x4973d0 of 64 bytes failed: ReadProcessMemory 또는 WriteProcessMemory의 일부 작업만을 마쳤습니다. (0x12B)
[0826/183951.286:ERROR:process_memory_win.cc(73)] ReadMemory at 0x497420 of 62 bytes failed: ReadProcessMemory 또는 WriteProcessMemory의 일부 작업만을 마쳤습니다. (0x12B)
[0826/183951.286:ERROR:process_memory_win.cc(73)] ReadMemory at 0x497470 of 62 bytes failed: ReadProcessMemory 또는 WriteProcessMemory의 일부 작업만을 마쳤습니다. (0x12B)
[0826/183951.286:ERROR:process_memory_win.cc(73)] ReadMemory at 0x4974c0 of 58 bytes failed: ReadProcessMemory 또는 WriteProcessMemory의 일부 작업만을 마쳤습니다. (0x12B)
[0826/183951.286:ERROR:process_memory_win.cc(73)] ReadMemory at 0x497510 of 62 bytes failed: ReadProcessMemory 또는 WriteProcessMemory의 일부 작업만을 마쳤습니다. (0x12B)
[0826/183951.286:ERROR:process_memory_win.cc(73)] ReadMemory at 0x497560 of 62 bytes failed: ReadProcessMemory 또는 WriteProcessMemory의 일부 작업만을 마쳤습니다. (0x12B)
[0826/183951.286:ERROR:process_memory_win.cc(73)] ReadMemory at 0x4975b0 of 64 bytes failed: ReadProcessMemory 또는 WriteProcessMemory의 일부 작업만을 마쳤습니다. (0x12B)
[0826/183951.286:ERROR:process_memory_win.cc(73)] ReadMemory at 0x497e50 of 132 bytes failed: ReadProcessMemory 또는 WriteProcessMemory의 일부 작업만을 마쳤습니다. (0x12B)
[0826/183951.286:ERROR:process_memory_win.cc(73)] ReadMemory at 0x4995c0 of 54 bytes failed: ReadProcessMemory 또는 WriteProcessMemory의 일부 작업만을 마쳤습니다. (0x12B)
[0826/183951.287:ERROR:process_memory_win.cc(73)] ReadMemory at 0x49c8f0 of 132 bytes failed: ReadProcessMemory 또는 WriteProcessMemory의 일부 작업만을 마쳤습니다. (0x12B)
[0826/183951.287:ERROR:process_memory_win.cc(73)] ReadMemory at 0x49c9e0 of 132 bytes failed: ReadProcessMemory 또는 WriteProcessMemory의 일부 작업만을 마쳤습니다. (0x12B)
[0826/183951.287:ERROR:process_memory_win.cc(73)] ReadMemory at 0x49cad0 of 132 bytes failed: ReadProcessMemory 또는 WriteProcessMemory의 일부 작업만을 마쳤습니다. (0x12B)
[0826/183951.287:ERROR:process_memory_win.cc(73)] ReadMemory at 0x49cbc0 of 132 bytes failed: ReadProcessMemory 또는 WriteProcessMemory의 일부 작업만을 마쳤습니다. (0x12B)
[0826/183951.287:ERROR:process_memory_win.cc(73)] ReadMemory at 0x49ccb0 of 132 bytes failed: ReadProcessMemory 또는 WriteProcessMemory의 일부 작업만을 마쳤습니다. (0x12B)
[0826/183951.287:ERROR:process_memory_win.cc(73)] ReadMemory at 0x49cda0 of 132 bytes failed: ReadProcessMemory 또는 WriteProcessMemory의 일부 작업만을 마쳤습니다. (0x12B)
[0826/183951.287:ERROR:process_memory_win.cc(73)] ReadMemory at 0x49ce90 of 132 bytes failed: ReadProcessMemory 또는 WriteProcessMemory의 일부 작업만을 마쳤습니다. (0x12B)
[0826/183951.287:ERROR:process_memory_win.cc(73)] ReadMemory at 0x49cf80 of 132 bytes failed: ReadProcessMemory 또는 WriteProcessMemory의 일부 작업만을 마쳤습니다. (0x12B)
[0826/183951.287:ERROR:process_memory_win.cc(73)] ReadMemory at 0x49d070 of 132 bytes failed: ReadProcessMemory 또는 WriteProcessMemory의 일부 작업만을 마쳤습니다. (0x12B)
[0826/183951.287:ERROR:process_memory_win.cc(73)] ReadMemory at 0x49d160 of 132 bytes failed: ReadProcessMemory 또는 WriteProcessMemory의 일부 작업만을 마쳤습니다. (0x12B)
[0826/183951.287:ERROR:process_memory_win.cc(73)] ReadMemory at 0x49d250 of 132 bytes failed: ReadProcessMemory 또는 WriteProcessMemory의 일부 작업만을 마쳤습니다. (0x12B)
[0826/183951.287:ERROR:process_memory_win.cc(73)] ReadMemory at 0x49d340 of 132 bytes failed: ReadProcessMemory 또는 WriteProcessMemory의 일부 작업만을 마쳤습니다. (0x12B)
[0826/183951.287:ERROR:process_memory_win.cc(73)] ReadMemory at 0x49d430 of 132 bytes failed: ReadProcessMemory 또는 WriteProcessMemory의 일부 작업만을 마쳤습니다. (0x12B)
[0826/183951.287:ERROR:process_memory_win.cc(73)] ReadMemory at 0x49d520 of 132 bytes failed: ReadProcessMemory 또는 WriteProcessMemory의 일부 작업만을 마쳤습니다. (0x12B)
[0826/183951.287:ERROR:process_memory_win.cc(73)] ReadMemory at 0x49d610 of 132 bytes failed: ReadProcessMemory 또는 WriteProcessMemory의 일부 작업만을 마쳤습니다. (0x12B)
[0826/183951.287:ERROR:process_memory_win.cc(73)] ReadMemory at 0x49d700 of 132 bytes failed: ReadProcessMemory 또는 WriteProcessMemory의 일부 작업만을 마쳤습니다. (0x12B)
[0826/183951.288:ERROR:process_memory_win.cc(73)] ReadMemory at 0x49d7f0 of 132 bytes failed: ReadProcessMemory 또는 WriteProcessMemory의 일부 작업만을 마쳤습니다. (0x12B)
[0826/183951.288:ERROR:process_memory_win.cc(73)] ReadMemory at 0x49d8e0 of 132 bytes failed: ReadProcessMemory 또는 WriteProcessMemory의 일부 작업만을 마쳤습니다. (0x12B)
[0826/183951.288:ERROR:process_memory_win.cc(73)] ReadMemory at 0x49d9d0 of 132 bytes failed: ReadProcessMemory 또는 WriteProcessMemory의 일부 작업만을 마쳤습니다. (0x12B)
[0826/183951.288:ERROR:process_memory_win.cc(73)] ReadMemory at 0x49dac0 of 132 bytes failed: ReadProcessMemory 또는 WriteProcessMemory의 일부 작업만을 마쳤습니다. (0x12B)
[0826/183951.288:ERROR:process_memory_win.cc(73)] ReadMemory at 0x49dbb0 of 132 bytes failed: ReadProcessMemory 또는 WriteProcessMemory의 일부 작업만을 마쳤습니다. (0x12B)
[0826/183951.288:ERROR:process_memory_win.cc(73)] ReadMemory at 0x49dca0 of 132 bytes failed: ReadProcessMemory 또는 WriteProcessMemory의 일부 작업만을 마쳤습니다. (0x12B)
[0826/183951.288:ERROR:process_memory_win.cc(73)] ReadMemory at 0x49dd90 of 132 bytes failed: ReadProcessMemory 또는 WriteProcessMemory의 일부 작업만을 마쳤습니다. (0x12B)
[0826/183951.288:ERROR:process_memory_win.cc(73)] ReadMemory at 0x49de80 of 624 bytes failed: ReadProcessMemory 또는 WriteProcessMemory의 일부 작업만을 마쳤습니다. (0x12B)
[0826/183951.288:ERROR:process_memory_win.cc(73)] ReadMemory at 0x49e150 of 132 bytes failed: ReadProcessMemory 또는 WriteProcessMemory의 일부 작업만을 마쳤습니다. (0x12B)
[0826/183951.288:ERROR:process_memory_win.cc(73)] ReadMemory at 0x49ff00 of 158 bytes failed: ReadProcessMemory 또는 WriteProcessMemory의 일부 작업만을 마쳤습니다. (0x12B)
[0826/183951.288:ERROR:process_memory_win.cc(73)] ReadMemory at 0x4aaf00 of 66 bytes failed: ReadProcessMemory 또는 WriteProcessMemory의 일부 작업만을 마쳤습니다. (0x12B)
[0826/183951.288:ERROR:process_memory_win.cc(73)] ReadMemory at 0x4b5fb0 of 592 bytes failed: ReadProcessMemory 또는 WriteProcessMemory의 일부 작업만을 마쳤습니다. (0x12B)
[0826/183951.288:ERROR:process_memory_win.cc(73)] ReadMemory at 0xdeb5a0 of 512 bytes failed: ReadProcessMemory 또는 WriteProcessMemory의 일부 작업만을 마쳤습니다. (0x12B)
[0826/183951.288:ERROR:process_memory_win.cc(73)] ReadMemory at 0xe43bf0 of 512 bytes failed: ReadProcessMemory 또는 WriteProcessMemory의 일부 작업만을 마쳤습니다. (0x12B)
[0826/183951.288:ERROR:process_memory_win.cc(73)] ReadMemory at 0x28fb100 of 512 bytes failed: ReadProcessMemory 또는 WriteProcessMemory의 일부 작업만을 마쳤습니다. (0x12B)
[0826/183951.289:ERROR:process_memory_win.cc(73)] ReadMemory at 0x28fbb20 of 512 bytes failed: ReadProcessMemory 또는 WriteProcessMemory의 일부 작업만을 마쳤습니다. (0x12B)
[0826/183951.289:ERROR:process_memory_win.cc(73)] ReadMemory at 0x28fd100 of 512 bytes failed: ReadProcessMemory 또는 WriteProcessMemory의 일부 작업만을 마쳤습니다. (0x12B)
[0826/183951.289:ERROR:process_memory_win.cc(73)] ReadMemory at 0x2915c38 of 512 bytes failed: ReadProcessMemory 또는 WriteProcessMemory의 일부 작업만을 마쳤습니다. (0x12B)
[0826/183951.289:ERROR:process_memory_win.cc(73)] ReadMemory at 0x291cd80 of 800 bytes failed: ReadProcessMemory 또는 WriteProcessMemory의 일부 작업만을 마쳤습니다. (0x12B)
[0826/183951.289:ERROR:process_memory_win.cc(73)] ReadMemory at 0x29c6f00 of 512 bytes failed: ReadProcessMemory 또는 WriteProcessMemory의 일부 작업만을 마쳤습니다. (0x12B)
[0826/183951.289:ERROR:process_memory_win.cc(73)] ReadMemory at 0x29ebe30 of 512 bytes failed: ReadProcessMemory 또는 WriteProcessMemory의 일부 작업만을 마쳤습니다. (0x12B)
[0826/183951.289:ERROR:process_memory_win.cc(73)] ReadMemory at 0x43aa308 of 512 bytes failed: ReadProcessMemory 또는 WriteProcessMemory의 일부 작업만을 마쳤습니다. (0x12B)
[0826/183951.289:ERROR:process_memory_win.cc(73)] ReadMemory at 0x43f6ff0 of 944 bytes failed: ReadProcessMemory 또는 WriteProcessMemory의 일부 작업만을 마쳤습니다. (0x12B)
[0826/183951.289:ERROR:process_memory_win.cc(73)] ReadMemory at 0x4404df0 of 576 bytes failed: ReadProcessMemory 또는 WriteProcessMemory의 일부 작업만을 마쳤습니다. (0x12B)
[0826/183951.289:ERROR:process_memory_win.cc(73)] ReadMemory at 0x441f790 of 512 bytes failed: ReadProcessMemory 또는 WriteProcessMemory의 일부 작업만을 마쳤습니다. (0x12B)
[0826/183951.289:ERROR:process_memory_win.cc(73)] ReadMemory at 0x450eb20 of 512 bytes failed: ReadProcessMemory 또는 WriteProcessMemory의 일부 작업만을 마쳤습니다. (0x12B)
[0826/183951.289:ERROR:process_memory_win.cc(73)] ReadMemory at 0x778bb228 of 512 bytes failed: ReadProcessMemory 또는 WriteProcessMemory의 일부 작업만을 마쳤습니다. (0x12B)
[0826/183951.289:ERROR:process_memory_win.cc(73)] ReadMemory at 0x778d7bc8 of 18 bytes failed: ReadProcessMemory 또는 WriteProcessMemory의 일부 작업만을 마쳤습니다. (0x12B)
[0826/183951.289:ERROR:process_memory_win.cc(73)] ReadMemory at 0x778da6c8 of 576 bytes failed: ReadProcessMemory 또는 WriteProcessMemory의 일부 작업만을 마쳤습니다. (0x12B)
[0826/183951.289:ERROR:process_memory_win.cc(73)] ReadMemory at 0x778da928 of 672 bytes failed: ReadProcessMemory 또는 WriteProcessMemory의 일부 작업만을 마쳤습니다. (0x12B)
[0826/183951.289:ERROR:process_memory_win.cc(73)] ReadMemory at 0x778e3160 of 512 bytes failed: ReadProcessMemory 또는 WriteProcessMemory의 일부 작업만을 마쳤습니다. (0x12B)
[0826/183951.290:ERROR:process_memory_win.cc(73)] ReadMemory at 0x7793984a of 592 bytes failed: ReadProcessMemory 또는 WriteProcessMemory의 일부 작업만을 마쳤습니다. (0x12B)
[0826/183951.290:ERROR:process_memory_win.cc(73)] ReadMemory at 0x77939b4a of 512 bytes failed: ReadProcessMemory 또는 WriteProcessMemory의 일부 작업만을 마쳤습니다. (0x12B)
[0826/183951.290:ERROR:process_memory_win.cc(73)] ReadMemory at 0x77939dba of 512 bytes failed: ReadProcessMemory 또는 WriteProcessMemory의 일부 작업만을 마쳤습니다. (0x12B)
[0826/183951.290:ERROR:process_memory_win.cc(73)] ReadMemory at 0x7793b0fa of 528 bytes failed: ReadProcessMemory 또는 WriteProcessMemory의 일부 작업만을 마쳤습니다. (0x12B)
[0826/183951.290:ERROR:process_memory_win.cc(73)] ReadMemory at 0x779c9360 of 512 bytes failed: ReadProcessMemory 또는 WriteProcessMemory의 일부 작업만을 마쳤습니다. (0x12B)
[0826/183951.290:ERROR:process_memory_win.cc(73)] ReadMemory at 0x779f80d8 of 40 bytes failed: ReadProcessMemory 또는 WriteProcessMemory의 일부 작업만을 마쳤습니다. (0x12B)
[0826/183951.290:ERROR:process_memory_win.cc(73)] ReadMemory at 0x77a02dc0 of 48 bytes failed: ReadProcessMemory 또는 WriteProcessMemory의 일부 작업만을 마쳤습니다. (0x12B)
[0826/183951.290:ERROR:process_memory_win.cc(73)] ReadMemory at 0x77a02e40 of 64 bytes failed: ReadProcessMemory 또는 WriteProcessMemory의 일부 작업만을 마쳤습니다. (0x12B)
[0826/183951.290:ERROR:process_memory_win.cc(73)] ReadMemory at 0x7fee0c38a40 of 512 bytes failed: ReadProcessMemory 또는 WriteProcessMemory의 일부 작업만을 마쳤습니다. (0x12B)
[0826/183951.290:ERROR:process_memory_win.cc(73)] ReadMemory at 0x7fee1e44a1c of 512 bytes failed: ReadProcessMemory 또는 WriteProcessMemory의 일부 작업만을 마쳤습니다. (0x12B)
[0826/183951.290:ERROR:process_memory_win.cc(73)] ReadMemory at 0x7fee256fc38 of 559 bytes failed: ReadProcessMemory 또는 WriteProcessMemory의 일부 작업만을 마쳤습니다. (0x12B)
[0826/183951.290:ERROR:process_memory_win.cc(73)] ReadMemory at 0x7fee332e092 of 512 bytes failed: ReadProcessMemory 또는 WriteProcessMemory의 일부 작업만을 마쳤습니다. (0x12B)
[0826/183951.291:ERROR:process_memory_win.cc(73)] ReadMemory at 0x7fee9ff9712 of 512 bytes failed: ReadProcessMemory 또는 WriteProcessMemory의 일부 작업만을 마쳤습니다. (0x12B)
[0826/183951.291:ERROR:process_memory_win.cc(73)] ReadMemory at 0x7fffff90000 of 6024 bytes failed: ReadProcessMemory 또는 WriteProcessMemory의 일부 작업만을 마쳤습니다. (0x12B)
[0826/183951.291:ERROR:process_memory_win.cc(73)] ReadMemory at 0x7fffff92000 of 6024 bytes failed: ReadProcessMemory 또는 WriteProcessMemory의 일부 작업만을 마쳤습니다. (0x12B)
[0826/183951.291:ERROR:process_memory_win.cc(73)] ReadMemory at 0x7fffff94000 of 6024 bytes failed: ReadProcessMemory 또는 WriteProcessMemory의 일부 작업만을 마쳤습니다. (0x12B)
[0826/183951.291:ERROR:process_memory_win.cc(73)] ReadMemory at 0x7fffff96000 of 6024 bytes failed: ReadProcessMemory 또는 WriteProcessMemory의 일부 작업만을 마쳤습니다. (0x12B)
[0826/183951.291:ERROR:process_memory_win.cc(73)] ReadMemory at 0x7fffff98000 of 6024 bytes failed: ReadProcessMemory 또는 WriteProcessMemory의 일부 작업만을 마쳤습니다. (0x12B)
[0826/183951.291:ERROR:process_memory_win.cc(73)] ReadMemory at 0x7fffff9a000 of 6024 bytes failed: ReadProcessMemory 또는 WriteProcessMemory의 일부 작업만을 마쳤습니다. (0x12B)
[0826/183951.292:ERROR:process_memory_win.cc(73)] ReadMemory at 0x7fffff9c000 of 6024 bytes failed: ReadProcessMemory 또는 WriteProcessMemory의 일부 작업만을 마쳤습니다. (0x12B)
[0826/183951.292:ERROR:process_memory_win.cc(73)] ReadMemory at 0x7fffff9e000 of 6024 bytes failed: ReadProcessMemory 또는 WriteProcessMemory의 일부 작업만을 마쳤습니다. (0x12B)
[0826/183951.292:ERROR:process_memory_win.cc(73)] ReadMemory at 0x7fffffd3000 of 6024 bytes failed: ReadProcessMemory 또는 WriteProcessMemory의 일부 작업만을 마쳤습니다. (0x12B)
[0826/183951.292:ERROR:process_memory_win.cc(73)] ReadMemory at 0x7fffffd5000 of 6024 bytes failed: ReadProcessMemory 또는 WriteProcessMemory의 일부 작업만을 마쳤습니다. (0x12B)
[0826/183951.292:ERROR:process_memory_win.cc(73)] ReadMemory at 0x7fffffd7000 of 6024 bytes failed: ReadProcessMemory 또는 WriteProcessMemory의 일부 작업만을 마쳤습니다. (0x12B)
[0826/183951.292:ERROR:process_memory_win.cc(73)] ReadMemory at 0x7fffffd9000 of 6024 bytes failed: ReadProcessMemory 또는 WriteProcessMemory의 일부 작업만을 마쳤습니다. (0x12B)
[0826/183951.292:ERROR:process_memory_win.cc(73)] ReadMemory at 0x7fffffdb000 of 6024 bytes failed: ReadProcessMemory 또는 WriteProcessMemory의 일부 작업만을 마쳤습니다. (0x12B)
[0826/183951.292:ERROR:process_memory_win.cc(73)] ReadMemory at 0x7fffffdcf80 of 6152 bytes failed: ReadProcessMemory 또는 WriteProcessMemory의 일부 작업만을 마쳤습니다. (0x12B)
[0826/183951.293:ERROR:process_memory_win.cc(73)] ReadMemory at 0x7fffffdf000 of 852 bytes failed: ReadProcessMemory 또는 WriteProcessMemory의 일부 작업만을 마쳤습니다. (0x12B)
[0826/183951.295:ERROR:scoped_process_suspend.cc(40)] NtResumeProcess: 기존 프로세스에 액세스하려고 했습니다. (0xc000010a)
